  [1m[36m (2.2ms)[0m  [1mCREATE TABLE "schema_migrations" ("version" varchar(255) NOT NULL) [0m
  [1m[35m (0.2ms)[0m  select sqlite_version(*)
  [1m[36m (2.1ms)[0m  [1mCREATE UNIQUE INDEX "unique_schema_migrations" ON "schema_migrations" ("version")[0m
  [1m[35mActiveRecord::SchemaMigration Load (0.4ms)[0m  SELECT "schema_migrations".* FROM "schema_migrations"
Migrating to CreateUsers (20140717000722)
  [1m[36m (0.2ms)[0m  [1mbegin transaction[0m
  [1m[35m (0.7ms)[0m  CREATE TABLE "users" ("id" INTEGER PRIMARY KEY AUTOINCREMENT NOT NULL, "created_at" datetime, "updated_at" datetime) 
  [1m[36mSQL (0.3ms)[0m  [1mINSERT INTO "schema_migrations" ("version") VALUES (?)[0m  [["version", "20140717000722"]]
  [1m[35m (1.8ms)[0m  commit transaction
Migrating to CreateTweets (20140717000744)
  [1m[36m (0.0ms)[0m  [1mbegin transaction[0m
  [1m[35m (0.3ms)[0m  CREATE TABLE "tweets" ("id" INTEGER PRIMARY KEY AUTOINCREMENT NOT NULL, "created_at" datetime, "updated_at" datetime) 
  [1m[36mSQL (0.2ms)[0m  [1mINSERT INTO "schema_migrations" ("version") VALUES (?)[0m  [["version", "20140717000744"]]
  [1m[35m (1.9ms)[0m  commit transaction
  [1m[36mActiveRecord::SchemaMigration Load (0.1ms)[0m  [1mSELECT "schema_migrations".* FROM "schema_migrations"[0m
  [1m[36mActiveRecord::SchemaMigration Load (0.6ms)[0m  [1mSELECT "schema_migrations".* FROM "schema_migrations"[0m
Migrating to AddAttributesToTables (20140717004027)
  [1m[35m (0.1ms)[0m  begin transaction
  [1m[36m (20.8ms)[0m  [1mALTER TABLE "users" ADD "username" text[0m
  [1m[35m (0.3ms)[0m  ALTER TABLE "notes" ADD "content" text
SQLite3::SQLException: no such table: notes: ALTER TABLE "notes" ADD "content" text
  [1m[36m (0.5ms)[0m  [1mrollback transaction[0m
  [1m[36mUser Load (33.6ms)[0m  [1mSELECT "users".* FROM "users"[0m


Started GET "/" for 127.0.0.1 at 2014-07-21 20:42:04 -0400
  [1m[36mActiveRecord::SchemaMigration Load (18.1ms)[0m  [1mSELECT "schema_migrations".* FROM "schema_migrations"[0m

ActiveRecord::PendingMigrationError (

Migrations are pending. To resolve this issue, run:

	bin/rake db:migrate RAILS_ENV=development

):
  activerecord (4.1.4) lib/active_record/migration.rb:389:in `check_pending!'
  activerecord (4.1.4) lib/active_record/migration.rb:377:in `call'
  actionpack (4.1.4) lib/action_dispatch/middleware/callbacks.rb:29:in `block in call'
  activesupport (4.1.4) lib/active_support/callbacks.rb:82:in `run_callbacks'
  actionpack (4.1.4) lib/action_dispatch/middleware/callbacks.rb:27:in `call'
  actionpack (4.1.4) lib/action_dispatch/middleware/reloader.rb:73:in `call'
  actionpack (4.1.4) lib/action_dispatch/middleware/remote_ip.rb:76:in `call'
  actionpack (4.1.4) lib/action_dispatch/middleware/debug_exceptions.rb:17:in `call'
  actionpack (4.1.4) lib/action_dispatch/middleware/show_exceptions.rb:30:in `call'
  railties (4.1.4) lib/rails/rack/logger.rb:38:in `call_app'
  railties (4.1.4) lib/rails/rack/logger.rb:20:in `block in call'
  activesupport (4.1.4) lib/active_support/tagged_logging.rb:68:in `block in tagged'
  activesupport (4.1.4) lib/active_support/tagged_logging.rb:26:in `tagged'
  activesupport (4.1.4) lib/active_support/tagged_logging.rb:68:in `tagged'
  railties (4.1.4) lib/rails/rack/logger.rb:20:in `call'
  actionpack (4.1.4) lib/action_dispatch/middleware/request_id.rb:21:in `call'
  rack (1.5.2) lib/rack/methodoverride.rb:21:in `call'
  rack (1.5.2) lib/rack/runtime.rb:17:in `call'
  activesupport (4.1.4) lib/active_support/cache/strategy/local_cache_middleware.rb:26:in `call'
  rack (1.5.2) lib/rack/lock.rb:17:in `call'
  actionpack (4.1.4) lib/action_dispatch/middleware/static.rb:64:in `call'
  rack (1.5.2) lib/rack/sendfile.rb:112:in `call'
  railties (4.1.4) lib/rails/engine.rb:514:in `call'
  railties (4.1.4) lib/rails/application.rb:144:in `call'
  rack (1.5.2) lib/rack/lock.rb:17:in `call'
  rack (1.5.2) lib/rack/content_length.rb:14:in `call'
  rack (1.5.2) lib/rack/handler/webrick.rb:60:in `service'
  /Users/charleswalker/.rvm/rubies/ruby-2.1.2/lib/ruby/2.1.0/webrick/httpserver.rb:138:in `service'
  /Users/charleswalker/.rvm/rubies/ruby-2.1.2/lib/ruby/2.1.0/webrick/httpserver.rb:94:in `run'
  /Users/charleswalker/.rvm/rubies/ruby-2.1.2/lib/ruby/2.1.0/webrick/server.rb:295:in `block in start_thread'


  Rendered /Users/charleswalker/.rvm/gems/ruby-2.1.2/gems/actionpack-4.1.4/lib/action_dispatch/middleware/templates/rescues/_source.erb (0.7ms)
  Rendered /Users/charleswalker/.rvm/gems/ruby-2.1.2/gems/actionpack-4.1.4/lib/action_dispatch/middleware/templates/rescues/_trace.html.erb (0.9ms)
  Rendered /Users/charleswalker/.rvm/gems/ruby-2.1.2/gems/actionpack-4.1.4/lib/action_dispatch/middleware/templates/rescues/_request_and_response.html.erb (2.5ms)
  Rendered /Users/charleswalker/.rvm/gems/ruby-2.1.2/gems/actionpack-4.1.4/lib/action_dispatch/middleware/templates/rescues/diagnostics.erb within rescues/layout (32.7ms)
  [1m[36mActiveRecord::SchemaMigration Load (16.5ms)[0m  [1mSELECT "schema_migrations".* FROM "schema_migrations"[0m
Migrating to AddAttributesToTables (20140717004027)
  [1m[35m (0.3ms)[0m  begin transaction
  [1m[36m (22.3ms)[0m  [1mALTER TABLE "users" ADD "username" text[0m
  [1m[35m (0.3ms)[0m  ALTER TABLE "notes" ADD "content" text
SQLite3::SQLException: no such table: notes: ALTER TABLE "notes" ADD "content" text
  [1m[36m (0.6ms)[0m  [1mrollback transaction[0m
  [1m[36mActiveRecord::SchemaMigration Load (17.1ms)[0m  [1mSELECT "schema_migrations".* FROM "schema_migrations"[0m
Migrating to AddAttributesToTables (20140717004027)
  [1m[35m (0.1ms)[0m  begin transaction
  [1m[36m (0.6ms)[0m  [1mALTER TABLE "users" ADD "username" text[0m
  [1m[35m (0.1ms)[0m  ALTER TABLE "tweets" ADD "content" text
  [1m[36m (0.1ms)[0m  [1mALTER TABLE "tweets" ADD "user_id" integer[0m
  [1m[35mSQL (0.2ms)[0m  INSERT INTO "schema_migrations" ("version") VALUES (?)  [["version", "20140717004027"]]
  [1m[36m (1.3ms)[0m  [1mcommit transaction[0m
  [1m[35mActiveRecord::SchemaMigration Load (0.2ms)[0m  SELECT "schema_migrations".* FROM "schema_migrations"


Started GET "/" for 127.0.0.1 at 2014-07-21 20:47:15 -0400
  [1m[35mActiveRecord::SchemaMigration Load (0.1ms)[0m  SELECT "schema_migrations".* FROM "schema_migrations"
Processing by Rails::WelcomeController#index as HTML
  Rendered /Users/charleswalker/.rvm/gems/ruby-2.1.2/gems/railties-4.1.4/lib/rails/templates/rails/welcome/index.html.erb (1.3ms)
Completed 200 OK in 64ms (Views: 15.5ms | ActiveRecord: 0.0ms)


Started GET "/tweets" for 127.0.0.1 at 2014-07-21 20:47:28 -0400
Processing by TweetsController#index as HTML
  [1m[36mTweet Load (11.1ms)[0m  [1mSELECT "tweets".* FROM "tweets"[0m
  Rendered tweets/index.html.erb within layouts/application (13.1ms)
Completed 200 OK in 2340ms (Views: 2277.9ms | ActiveRecord: 11.1ms)


Started GET "/assets/scaffolds.css?body=1" for 127.0.0.1 at 2014-07-21 20:47:30 -0400


Started GET "/assets/tweets.css?body=1" for 127.0.0.1 at 2014-07-21 20:47:31 -0400


Started GET "/assets/application.css?body=1" for 127.0.0.1 at 2014-07-21 20:47:31 -0400


Started GET "/assets/jquery.js?body=1" for 127.0.0.1 at 2014-07-21 20:47:31 -0400


Started GET "/assets/users.css?body=1" for 127.0.0.1 at 2014-07-21 20:47:31 -0400


Started GET "/assets/turbolinks.js?body=1" for 127.0.0.1 at 2014-07-21 20:47:31 -0400


Started GET "/assets/jquery_ujs.js?body=1" for 127.0.0.1 at 2014-07-21 20:47:31 -0400


Started GET "/assets/tweets.js?body=1" for 127.0.0.1 at 2014-07-21 20:47:31 -0400


Started GET "/assets/users.js?body=1" for 127.0.0.1 at 2014-07-21 20:47:31 -0400


Started GET "/assets/application.js?body=1" for 127.0.0.1 at 2014-07-21 20:47:31 -0400


Started GET "/tweets/new" for 127.0.0.1 at 2014-07-21 20:47:34 -0400
Processing by TweetsController#new as HTML
  Rendered tweets/_form.html.erb (149.5ms)
  Rendered tweets/new.html.erb within layouts/application (189.8ms)
Completed 200 OK in 217ms (Views: 214.4ms | ActiveRecord: 0.5ms)


Started POST "/tweets" for 127.0.0.1 at 2014-07-21 20:47:37 -0400
Processing by TweetsController#create as HTML
  Parameters: {"utf8"=>"✓", "authenticity_token"=>"AFsl6YqFdoHIFrmyCSbdb+H5YbrQN+x5HtpIYE0JtDE=", "commit"=>"Create Tweet"}
  [1m[35m (0.1ms)[0m  begin transaction
  [1m[36mSQL (0.4ms)[0m  [1mINSERT INTO "tweets" ("created_at", "updated_at") VALUES (?, ?)[0m  [["created_at", "2014-07-22 00:47:37.065199"], ["updated_at", "2014-07-22 00:47:37.065199"]]
  [1m[35m (1.1ms)[0m  commit transaction
Redirected to http://localhost:3000/tweets/1
Completed 302 Found in 21ms (ActiveRecord: 1.6ms)


Started GET "/tweets/1" for 127.0.0.1 at 2014-07-21 20:47:37 -0400
Processing by TweetsController#show as HTML
  Parameters: {"id"=>"1"}
  [1m[36mTweet Load (0.2ms)[0m  [1mSELECT  "tweets".* FROM "tweets"  WHERE "tweets"."id" = ? LIMIT 1[0m  [["id", 1]]
  Rendered tweets/show.html.erb within layouts/application (1.2ms)
Completed 200 OK in 32ms (Views: 30.1ms | ActiveRecord: 0.2ms)
  [1m[36mActiveRecord::SchemaMigration Load (0.3ms)[0m  [1mSELECT "schema_migrations".* FROM "schema_migrations"[0m
Migrating to CreateExamples (20140722005158)
  [1m[35m (0.1ms)[0m  begin transaction
  [1m[36m (0.5ms)[0m  [1mCREATE TABLE "examples" ("id" INTEGER PRIMARY KEY AUTOINCREMENT NOT NULL, "content" text, "user_id" integer, "created_at" datetime, "updated_at" datetime) [0m
  [1m[35mSQL (0.3ms)[0m  INSERT INTO "schema_migrations" ("version") VALUES (?)  [["version", "20140722005158"]]
  [1m[36m (1.8ms)[0m  [1mcommit transaction[0m
  [1m[35mActiveRecord::SchemaMigration Load (0.1ms)[0m  SELECT "schema_migrations".* FROM "schema_migrations"


Started GET "/" for 127.0.0.1 at 2014-07-21 21:03:54 -0400
  [1m[36mActiveRecord::SchemaMigration Load (0.1ms)[0m  [1mSELECT "schema_migrations".* FROM "schema_migrations"[0m
Processing by Rails::WelcomeController#index as HTML
  Rendered /Users/charleswalker/.rvm/gems/ruby-2.1.2/gems/railties-4.1.4/lib/rails/templates/rails/welcome/index.html.erb (3.8ms)
Completed 200 OK in 88ms (Views: 48.4ms | ActiveRecord: 0.0ms)


Started GET "/tweets" for 127.0.0.1 at 2014-07-21 21:05:06 -0400
Processing by TweetsController#index as HTML
  [1m[35mTweet Load (0.3ms)[0m  SELECT "tweets".* FROM "tweets"
  Rendered tweets/index.html.erb within layouts/application (7.9ms)
Completed 200 OK in 625ms (Views: 583.1ms | ActiveRecord: 0.6ms)


Started GET "/assets/examples.css?body=1" for 127.0.0.1 at 2014-07-21 21:05:07 -0400


Started GET "/assets/examples.js?body=1" for 127.0.0.1 at 2014-07-21 21:05:07 -0400


Started GET "/tweets/new" for 127.0.0.1 at 2014-07-21 21:05:12 -0400
Processing by TweetsController#new as HTML
  Rendered tweets/_form.html.erb (85.6ms)
  Rendered tweets/new.html.erb within layouts/application (123.4ms)
Completed 200 OK in 172ms (Views: 170.2ms | ActiveRecord: 0.0ms)
